<?xml version="1.0" encoding="UTF-8"?>
<!-- Generated by org.testng.reporters.JUnitXMLReporter -->
<testsuite ignored="0" hostname="INFOLAP3" failures="0" tests="10" name="Default test" time="376.542" errors="0" timestamp="2024-08-28T10:15:25 IST">
  <testcase classname="usersCreation.SampleTest" name="launchAndLoginToApp" time="24.383"/>
  <testcase classname="usersCreation.SampleTest" name="Adduser" time="57.271"/>
  <testcase classname="usersCreation.SampleTest" name="addUsersToDepartments" time="56.006"/>
  <testcase classname="usersCreation.SampleTest" name="verifyUserCreation" time="13.051"/>
  <testcase classname="usersCreation.SampleTest" name="setupLoginPwd" time="37.339"/>
  <testcase classname="usersCreation.SampleTest" name="setupLoginPwd" time="57.409"/>
  <testcase classname="usersCreation.SampleTest" name="setupLoginPwd" time="57.314"/>
  <testcase classname="usersCreation.SampleTest" name="loginFinalStatus" time="22.325"/>
  <testcase classname="usersCreation.SampleTest" name="loginFinalStatus" time="22.164"/>
  <testcase classname="usersCreation.SampleTest" name="loginFinalStatus" time="22.371"/>
</testsuite> <!-- Default test -->
