<?xml version="1.0" encoding="UTF-8"?>
<testng-results ignored="0" total="10" passed="10" failed="0" skipped="0">
  <reporter-output>
  </reporter-output>
  <suite started-at="2024-08-28T10:09:08 IST" name="Default suite" finished-at="2024-08-28T10:15:25 IST" duration-ms="376542">
    <groups>
    </groups>
    <test started-at="2024-08-28T10:09:08 IST" name="Default test" finished-at="2024-08-28T10:15:25 IST" duration-ms="376542">
      <class name="usersCreation.SampleTest">
        <test-method is-config="true" signature="beforetest()[pri:0, instance:usersCreation.SampleTest@70ed52de]" started-at="2024-08-28T10:09:08 IST" name="beforetest" finished-at="2024-08-28T10:09:08 IST" duration-ms="472" status="PASS">
          <reporter-output>
          </reporter-output>
        </test-method> <!-- beforetest -->
        <test-method is-config="true" signature="browserInitilization()[pri:0, instance:usersCreation.SampleTest@70ed52de]" started-at="2024-08-28T10:09:08 IST" name="browserInitilization" finished-at="2024-08-28T10:09:13 IST" duration-ms="4989" status="PASS">
          <reporter-output>
          </reporter-output>
        </test-method> <!-- browserInitilization -->
        <test-method signature="launchAndLoginToApp()[pri:0, instance:usersCreation.SampleTest@70ed52de]" started-at="2024-08-28T10:09:13 IST" name="launchAndLoginToApp" finished-at="2024-08-28T10:09:37 IST" duration-ms="24383" status="PASS">
          <reporter-output>
          </reporter-output>
        </test-method> <!-- launchAndLoginToApp -->
        <test-method is-config="true" signature="AfterMethod(org.testng.ITestResult)[pri:0, instance:usersCreation.SampleTest@70ed52de]" started-at="2024-08-28T10:09:37 IST" name="AfterMethod" finished-at="2024-08-28T10:09:38 IST" duration-ms="976" status="PASS">
          <params>
            <param index="0">
              <value>
                <![CDATA[[TestResult name=launchAndLoginToApp status=SUCCESS method=SampleTest.launchAndLoginToApp()[pri:0, instance:usersCreation.SampleTest@70ed52de] output={null}]]]>
              </value>
            </param>
          </params>
          <reporter-output>
          </reporter-output>
        </test-method> <!-- AfterMethod -->
        <test-method signature="Adduser()[pri:1, instance:usersCreation.SampleTest@70ed52de]" started-at="2024-08-28T10:09:38 IST" name="Adduser" finished-at="2024-08-28T10:10:36 IST" duration-ms="57271" status="PASS">
          <reporter-output>
          </reporter-output>
        </test-method> <!-- Adduser -->
        <test-method is-config="true" signature="AfterMethod(org.testng.ITestResult)[pri:0, instance:usersCreation.SampleTest@70ed52de]" started-at="2024-08-28T10:10:36 IST" name="AfterMethod" finished-at="2024-08-28T10:10:36 IST" duration-ms="52" status="PASS">
          <params>
            <param index="0">
              <value>
                <![CDATA[[TestResult name=Adduser status=SUCCESS method=SampleTest.Adduser()[pri:1, instance:usersCreation.SampleTest@70ed52de] output={null}]]]>
              </value>
            </param>
          </params>
          <reporter-output>
          </reporter-output>
        </test-method> <!-- AfterMethod -->
        <test-method signature="addUsersToDepartments()[pri:2, instance:usersCreation.SampleTest@70ed52de]" started-at="2024-08-28T10:10:36 IST" name="addUsersToDepartments" finished-at="2024-08-28T10:11:32 IST" duration-ms="56006" status="PASS">
          <reporter-output>
          </reporter-output>
        </test-method> <!-- addUsersToDepartments -->
        <test-method is-config="true" signature="AfterMethod(org.testng.ITestResult)[pri:0, instance:usersCreation.SampleTest@70ed52de]" started-at="2024-08-28T10:11:32 IST" name="AfterMethod" finished-at="2024-08-28T10:11:32 IST" duration-ms="47" status="PASS">
          <params>
            <param index="0">
              <value>
                <![CDATA[[TestResult name=addUsersToDepartments status=SUCCESS method=SampleTest.addUsersToDepartments()[pri:2, instance:usersCreation.SampleTest@70ed52de] output={null}]]]>
              </value>
            </param>
          </params>
          <reporter-output>
          </reporter-output>
        </test-method> <!-- AfterMethod -->
        <test-method signature="verifyUserCreation()[pri:3, instance:usersCreation.SampleTest@70ed52de]" started-at="2024-08-28T10:11:32 IST" name="verifyUserCreation" finished-at="2024-08-28T10:11:45 IST" duration-ms="13051" status="PASS">
          <reporter-output>
          </reporter-output>
        </test-method> <!-- verifyUserCreation -->
        <test-method is-config="true" signature="AfterMethod(org.testng.ITestResult)[pri:0, instance:usersCreation.SampleTest@70ed52de]" started-at="2024-08-28T10:11:45 IST" name="AfterMethod" finished-at="2024-08-28T10:11:45 IST" duration-ms="25" status="PASS">
          <params>
            <param index="0">
              <value>
                <![CDATA[[TestResult name=verifyUserCreation status=SUCCESS method=SampleTest.verifyUserCreation()[pri:3, instance:usersCreation.SampleTest@70ed52de] output={null}]]]>
              </value>
            </param>
          </params>
          <reporter-output>
          </reporter-output>
        </test-method> <!-- AfterMethod -->
        <test-method signature="setupLoginPwd(java.lang.Object,java.lang.Object)[pri:4, instance:usersCreation.SampleTest@70ed52de]" started-at="2024-08-28T10:11:45 IST" name="setupLoginPwd" data-provider="loginData" finished-at="2024-08-28T10:12:22 IST" duration-ms="37339" status="PASS">
          <params>
            <param index="0">
              <value>
                <![CDATA[sainath0]]>
              </value>
            </param>
            <param index="1">
              <value>
                <![CDATA[Chemia@1234]]>
              </value>
            </param>
          </params>
          <reporter-output>
          </reporter-output>
        </test-method> <!-- setupLoginPwd -->
        <test-method is-config="true" signature="AfterMethod(org.testng.ITestResult)[pri:0, instance:usersCreation.SampleTest@70ed52de]" started-at="2024-08-28T10:12:22 IST" name="AfterMethod" finished-at="2024-08-28T10:12:22 IST" duration-ms="32" status="PASS">
          <params>
            <param index="0">
              <value>
                <![CDATA[[TestResult name=setupLoginPwd status=SUCCESS method=SampleTest.setupLoginPwd(java.lang.Object,java.lang.Object)[pri:4, instance:usersCreation.SampleTest@70ed52de] output={null}]]]>
              </value>
            </param>
          </params>
          <reporter-output>
          </reporter-output>
        </test-method> <!-- AfterMethod -->
        <test-method signature="setupLoginPwd(java.lang.Object,java.lang.Object)[pri:4, instance:usersCreation.SampleTest@70ed52de]" started-at="2024-08-28T10:12:22 IST" name="setupLoginPwd" data-provider="loginData" finished-at="2024-08-28T10:13:20 IST" duration-ms="57409" status="PASS">
          <params>
            <param index="0">
              <value>
                <![CDATA[gowtham0]]>
              </value>
            </param>
            <param index="1">
              <value>
                <![CDATA[Chemia@1234]]>
              </value>
            </param>
          </params>
          <reporter-output>
          </reporter-output>
        </test-method> <!-- setupLoginPwd -->
        <test-method is-config="true" signature="AfterMethod(org.testng.ITestResult)[pri:0, instance:usersCreation.SampleTest@70ed52de]" started-at="2024-08-28T10:13:20 IST" name="AfterMethod" finished-at="2024-08-28T10:13:20 IST" duration-ms="56" status="PASS">
          <params>
            <param index="0">
              <value>
                <![CDATA[[TestResult name=setupLoginPwd status=SUCCESS method=SampleTest.setupLoginPwd(java.lang.Object,java.lang.Object)[pri:4, instance:usersCreation.SampleTest@70ed52de] output={null}]]]>
              </value>
            </param>
          </params>
          <reporter-output>
          </reporter-output>
        </test-method> <!-- AfterMethod -->
        <test-method signature="setupLoginPwd(java.lang.Object,java.lang.Object)[pri:4, instance:usersCreation.SampleTest@70ed52de]" started-at="2024-08-28T10:13:20 IST" name="setupLoginPwd" data-provider="loginData" finished-at="2024-08-28T10:14:17 IST" duration-ms="57314" status="PASS">
          <params>
            <param index="0">
              <value>
                <![CDATA[phanindra0]]>
              </value>
            </param>
            <param index="1">
              <value>
                <![CDATA[Chemia@1234]]>
              </value>
            </param>
          </params>
          <reporter-output>
          </reporter-output>
        </test-method> <!-- setupLoginPwd -->
        <test-method is-config="true" signature="AfterMethod(org.testng.ITestResult)[pri:0, instance:usersCreation.SampleTest@70ed52de]" started-at="2024-08-28T10:14:17 IST" name="AfterMethod" finished-at="2024-08-28T10:14:17 IST" duration-ms="50" status="PASS">
          <params>
            <param index="0">
              <value>
                <![CDATA[[TestResult name=setupLoginPwd status=SUCCESS method=SampleTest.setupLoginPwd(java.lang.Object,java.lang.Object)[pri:4, instance:usersCreation.SampleTest@70ed52de] output={null}]]]>
              </value>
            </param>
          </params>
          <reporter-output>
          </reporter-output>
        </test-method> <!-- AfterMethod -->
        <test-method signature="loginFinalStatus(java.lang.Object,java.lang.Object)[pri:5, instance:usersCreation.SampleTest@70ed52de]" started-at="2024-08-28T10:14:17 IST" name="loginFinalStatus" data-provider="loginData" finished-at="2024-08-28T10:14:40 IST" duration-ms="22325" status="PASS">
          <params>
            <param index="0">
              <value>
                <![CDATA[sainath0]]>
              </value>
            </param>
            <param index="1">
              <value>
                <![CDATA[Chemia@1234]]>
              </value>
            </param>
          </params>
          <reporter-output>
          </reporter-output>
        </test-method> <!-- loginFinalStatus -->
        <test-method is-config="true" signature="AfterMethod(org.testng.ITestResult)[pri:0, instance:usersCreation.SampleTest@70ed52de]" started-at="2024-08-28T10:14:40 IST" name="AfterMethod" finished-at="2024-08-28T10:14:40 IST" duration-ms="17" status="PASS">
          <params>
            <param index="0">
              <value>
                <![CDATA[[TestResult name=loginFinalStatus status=SUCCESS method=SampleTest.loginFinalStatus(java.lang.Object,java.lang.Object)[pri:5, instance:usersCreation.SampleTest@70ed52de] output={null}]]]>
              </value>
            </param>
          </params>
          <reporter-output>
          </reporter-output>
        </test-method> <!-- AfterMethod -->
        <test-method signature="loginFinalStatus(java.lang.Object,java.lang.Object)[pri:5, instance:usersCreation.SampleTest@70ed52de]" started-at="2024-08-28T10:14:40 IST" name="loginFinalStatus" data-provider="loginData" finished-at="2024-08-28T10:15:02 IST" duration-ms="22164" status="PASS">
          <params>
            <param index="0">
              <value>
                <![CDATA[gowtham0]]>
              </value>
            </param>
            <param index="1">
              <value>
                <![CDATA[Chemia@1234]]>
              </value>
            </param>
          </params>
          <reporter-output>
          </reporter-output>
        </test-method> <!-- loginFinalStatus -->
        <test-method is-config="true" signature="AfterMethod(org.testng.ITestResult)[pri:0, instance:usersCreation.SampleTest@70ed52de]" started-at="2024-08-28T10:15:02 IST" name="AfterMethod" finished-at="2024-08-28T10:15:02 IST" duration-ms="16" status="PASS">
          <params>
            <param index="0">
              <value>
                <![CDATA[[TestResult name=loginFinalStatus status=SUCCESS method=SampleTest.loginFinalStatus(java.lang.Object,java.lang.Object)[pri:5, instance:usersCreation.SampleTest@70ed52de] output={null}]]]>
              </value>
            </param>
          </params>
          <reporter-output>
          </reporter-output>
        </test-method> <!-- AfterMethod -->
        <test-method signature="loginFinalStatus(java.lang.Object,java.lang.Object)[pri:5, instance:usersCreation.SampleTest@70ed52de]" started-at="2024-08-28T10:15:02 IST" name="loginFinalStatus" data-provider="loginData" finished-at="2024-08-28T10:15:24 IST" duration-ms="22371" status="PASS">
          <params>
            <param index="0">
              <value>
                <![CDATA[phanindra0]]>
              </value>
            </param>
            <param index="1">
              <value>
                <![CDATA[Chemia@1234]]>
              </value>
            </param>
          </params>
          <reporter-output>
          </reporter-output>
        </test-method> <!-- loginFinalStatus -->
        <test-method is-config="true" signature="AfterMethod(org.testng.ITestResult)[pri:0, instance:usersCreation.SampleTest@70ed52de]" started-at="2024-08-28T10:15:24 IST" name="AfterMethod" finished-at="2024-08-28T10:15:24 IST" duration-ms="18" status="PASS">
          <params>
            <param index="0">
              <value>
                <![CDATA[[TestResult name=loginFinalStatus status=SUCCESS method=SampleTest.loginFinalStatus(java.lang.Object,java.lang.Object)[pri:5, instance:usersCreation.SampleTest@70ed52de] output={null}]]]>
              </value>
            </param>
          </params>
          <reporter-output>
          </reporter-output>
        </test-method> <!-- AfterMethod -->
        <test-method is-config="true" signature="afterTest()[pri:0, instance:usersCreation.SampleTest@70ed52de]" started-at="2024-08-28T10:15:24 IST" name="afterTest" finished-at="2024-08-28T10:15:25 IST" duration-ms="434" status="PASS">
          <reporter-output>
          </reporter-output>
        </test-method> <!-- afterTest -->
        <test-method is-config="true" signature="afterSuite()[pri:0, instance:usersCreation.SampleTest@70ed52de]" started-at="2024-08-28T10:15:25 IST" name="afterSuite" finished-at="2024-08-28T10:15:25 IST" duration-ms="604" status="PASS">
          <reporter-output>
          </reporter-output>
        </test-method> <!-- afterSuite -->
      </class> <!-- usersCreation.SampleTest -->
    </test> <!-- Default test -->
  </suite> <!-- Default suite -->
</testng-results>
